#-----------------------------------------------------------
# Vivado v2021.1 (64-bit)
# SW Build 3247384 on Thu Jun 10 19:36:33 MDT 2021
# IP Build 3246043 on Fri Jun 11 00:30:35 MDT 2021
# Start of session at: Tue Nov 30 16:31:40 2021
# Process ID: 6400
# Current directory: C:/Users/Louis Nguyen/Desktop/final project dsd
# Command line: vivado.exe -gui_launcher_event rodinguilauncherevent1000 C:\Users\Louis Nguyen\Desktop\final project dsd\final project.xpr
# Log file: C:/Users/Louis Nguyen/Desktop/final project dsd/vivado.log
# Journal file: C:/Users/Louis Nguyen/Desktop/final project dsd\vivado.jou
#-----------------------------------------------------------
start_gui
open_project {C:/Users/Louis Nguyen/Desktop/final project dsd/final project.xpr}
WARNING: [filemgmt 56-3] Default IP Output Path : Could not find the directory 'C:/Users/Louis Nguyen/Desktop/final project dsd/final project.gen/sources_1'.
Scanning sources...
Finished scanning sources
INFO: [IP_Flow 19-234] Refreshing IP repositories
INFO: [IP_Flow 19-1704] No user IP repositories specified
INFO: [IP_Flow 19-2313] Loaded Vivado IP repository 'C:/Xilinx/Vivado/2021.1/data/ip'.
open_project: Time (s): cpu = 00:00:22 ; elapsed = 00:00:09 . Memory (MB): peak = 1123.512 ; gain = 0.000
update_compile_order -fileset sources_1
reset_run synth_1
WARNING: [Vivado 12-1017] Problems encountered:
1. Failed to delete one or more files in run directory C:/Users/Louis Nguyen/Desktop/final project dsd/final project.runs/synth_1

launch_runs synth_1 -jobs 4
CRITICAL WARNING: [HDL 9-806] Syntax error near "assign". [C:/Users/Louis Nguyen/Desktop/final project dsd/final project.srcs/sources_1/new/source.v:476]
[Tue Nov 30 18:33:44 2021] Launched synth_1...
Run output will be captured here: C:/Users/Louis Nguyen/Desktop/final project dsd/final project.runs/synth_1/runme.log
reset_run synth_1
WARNING: [Vivado 12-1017] Problems encountered:
1. Failed to delete one or more files in run directory C:/Users/Louis Nguyen/Desktop/final project dsd/final project.runs/synth_1

launch_runs synth_1 -jobs 4
[Tue Nov 30 18:35:05 2021] Launched synth_1...
Run output will be captured here: C:/Users/Louis Nguyen/Desktop/final project dsd/final project.runs/synth_1/runme.log
reset_run synth_1
WARNING: [Vivado 12-1017] Problems encountered:
1. Failed to delete one or more files in run directory C:/Users/Louis Nguyen/Desktop/final project dsd/final project.runs/synth_1

launch_runs synth_1 -jobs 4
CRITICAL WARNING: [HDL 9-806] Syntax error near "Digit_Set_Segs". [C:/Users/Louis Nguyen/Desktop/final project dsd/final project.srcs/sources_1/new/source.v:490]
CRITICAL WARNING: [HDL 9-806] Syntax error near "Digit_Set_Segs". [C:/Users/Louis Nguyen/Desktop/final project dsd/final project.srcs/sources_1/new/source.v:492]
CRITICAL WARNING: [HDL 9-806] Syntax error near "Digit_Set_Segs". [C:/Users/Louis Nguyen/Desktop/final project dsd/final project.srcs/sources_1/new/source.v:496]
CRITICAL WARNING: [HDL 9-806] Syntax error near "Display_Digit". [C:/Users/Louis Nguyen/Desktop/final project dsd/final project.srcs/sources_1/new/source.v:509]
CRITICAL WARNING: [HDL 9-806] Syntax error near "endmodule". [C:/Users/Louis Nguyen/Desktop/final project dsd/final project.srcs/sources_1/new/source.v:513]
CRITICAL WARNING: [HDL 9-806] Syntax error near "[". [C:/Users/Louis Nguyen/Desktop/final project dsd/final project.srcs/sources_1/new/source.v:521]
CRITICAL WARNING: [HDL 9-806] Syntax error near "always". [C:/Users/Louis Nguyen/Desktop/final project dsd/final project.srcs/sources_1/new/source.v:526]
CRITICAL WARNING: [HDL 9-806] Syntax error near "endmodule". [C:/Users/Louis Nguyen/Desktop/final project dsd/final project.srcs/sources_1/new/source.v:547]
CRITICAL WARNING: [HDL 9-806] Syntax error near ";". [C:/Users/Louis Nguyen/Desktop/final project dsd/final project.srcs/sources_1/new/source.v:557]
CRITICAL WARNING: [HDL 9-806] Syntax error near "initial". [C:/Users/Louis Nguyen/Desktop/final project dsd/final project.srcs/sources_1/new/source.v:563]
CRITICAL WARNING: [HDL 9-806] Syntax error near "always". [C:/Users/Louis Nguyen/Desktop/final project dsd/final project.srcs/sources_1/new/source.v:567]
CRITICAL WARNING: [HDL 9-806] Syntax error near "endmodule". [C:/Users/Louis Nguyen/Desktop/final project dsd/final project.srcs/sources_1/new/source.v:630]
CRITICAL WARNING: [HDL 9-806] Syntax error near ";". [C:/Users/Louis Nguyen/Desktop/final project dsd/final project.srcs/sources_1/new/source.v:641]
CRITICAL WARNING: [HDL 9-806] Syntax error near "[". [C:/Users/Louis Nguyen/Desktop/final project dsd/final project.srcs/sources_1/new/source.v:643]
CRITICAL WARNING: [HDL 9-806] Syntax error near "always". [C:/Users/Louis Nguyen/Desktop/final project dsd/final project.srcs/sources_1/new/source.v:658]
CRITICAL WARNING: [HDL 9-806] Syntax error near "Hex_Dig". [C:/Users/Louis Nguyen/Desktop/final project dsd/final project.srcs/sources_1/new/source.v:664]
CRITICAL WARNING: [HDL 9-806] Syntax error near "module". [C:/Users/Louis Nguyen/Desktop/final project dsd/final project.srcs/sources_1/new/source.v:668]
CRITICAL WARNING: [HDL 9-806] Syntax error near "endmodule". [C:/Users/Louis Nguyen/Desktop/final project dsd/final project.srcs/sources_1/new/source.v:695]
[Tue Nov 30 19:00:56 2021] Launched synth_1...
Run output will be captured here: C:/Users/Louis Nguyen/Desktop/final project dsd/final project.runs/synth_1/runme.log
reset_run synth_1
WARNING: [Vivado 12-1017] Problems encountered:
1. Failed to delete one or more files in run directory C:/Users/Louis Nguyen/Desktop/final project dsd/final project.runs/synth_1

launch_runs synth_1 -jobs 4
CRITICAL WARNING: [HDL 9-849] Syntax error : file ended before end of clause. [C:/Users/Louis Nguyen/Desktop/final project dsd/final project.srcs/sources_1/new/source.v:1]
[Tue Nov 30 19:02:12 2021] Launched synth_1...
Run output will be captured here: C:/Users/Louis Nguyen/Desktop/final project dsd/final project.runs/synth_1/runme.log
reset_run synth_1
WARNING: [Vivado 12-1017] Problems encountered:
1. Failed to delete one or more files in run directory C:/Users/Louis Nguyen/Desktop/final project dsd/final project.runs/synth_1

launch_runs synth_1 -jobs 4
CRITICAL WARNING: [HDL 9-849] Syntax error : file ended before end of clause. [C:/Users/Louis Nguyen/Desktop/final project dsd/final project.srcs/sources_1/new/source.v:1]
[Tue Nov 30 19:03:36 2021] Launched synth_1...
Run output will be captured here: C:/Users/Louis Nguyen/Desktop/final project dsd/final project.runs/synth_1/runme.log
reset_run synth_1
WARNING: [Vivado 12-1017] Problems encountered:
1. Failed to delete one or more files in run directory C:/Users/Louis Nguyen/Desktop/final project dsd/final project.runs/synth_1

launch_runs synth_1 -jobs 4
CRITICAL WARNING: [HDL 9-849] Syntax error : file ended before end of clause. [C:/Users/Louis Nguyen/Desktop/final project dsd/final project.srcs/sources_1/new/source.v:1]
[Tue Nov 30 19:04:25 2021] Launched synth_1...
Run output will be captured here: C:/Users/Louis Nguyen/Desktop/final project dsd/final project.runs/synth_1/runme.log
reset_run synth_1
WARNING: [Vivado 12-1017] Problems encountered:
1. Failed to delete one or more files in run directory C:/Users/Louis Nguyen/Desktop/final project dsd/final project.runs/synth_1

launch_runs synth_1 -jobs 4
CRITICAL WARNING: [HDL 9-849] Syntax error : file ended before end of clause. [C:/Users/Louis Nguyen/Desktop/final project dsd/final project.srcs/sources_1/new/source.v:1]
[Tue Nov 30 19:05:15 2021] Launched synth_1...
Run output will be captured here: C:/Users/Louis Nguyen/Desktop/final project dsd/final project.runs/synth_1/runme.log
reset_run synth_1
WARNING: [Vivado 12-1017] Problems encountered:
1. Failed to delete one or more files in run directory C:/Users/Louis Nguyen/Desktop/final project dsd/final project.runs/synth_1

launch_runs synth_1 -jobs 4
CRITICAL WARNING: [HDL 9-849] Syntax error : file ended before end of clause. [C:/Users/Louis Nguyen/Desktop/final project dsd/final project.srcs/sources_1/new/source.v:1]
[Tue Nov 30 19:05:50 2021] Launched synth_1...
Run output will be captured here: C:/Users/Louis Nguyen/Desktop/final project dsd/final project.runs/synth_1/runme.log
reset_run synth_1
WARNING: [Vivado 12-1017] Problems encountered:
1. Failed to delete one or more files in run directory C:/Users/Louis Nguyen/Desktop/final project dsd/final project.runs/synth_1

launch_runs synth_1 -jobs 4
CRITICAL WARNING: [HDL 9-849] Syntax error : file ended before end of clause. [C:/Users/Louis Nguyen/Desktop/final project dsd/final project.srcs/sources_1/new/source.v:1]
[Tue Nov 30 19:06:21 2021] Launched synth_1...
Run output will be captured here: C:/Users/Louis Nguyen/Desktop/final project dsd/final project.runs/synth_1/runme.log
reset_run synth_1
WARNING: [Vivado 12-1017] Problems encountered:
1. Failed to delete one or more files in run directory C:/Users/Louis Nguyen/Desktop/final project dsd/final project.runs/synth_1

launch_runs synth_1 -jobs 4
CRITICAL WARNING: [HDL 9-849] Syntax error : file ended before end of clause. [C:/Users/Louis Nguyen/Desktop/final project dsd/final project.srcs/sources_1/new/source.v:1]
[Tue Nov 30 19:07:18 2021] Launched synth_1...
Run output will be captured here: C:/Users/Louis Nguyen/Desktop/final project dsd/final project.runs/synth_1/runme.log
reset_run synth_1
WARNING: [Vivado 12-1017] Problems encountered:
1. Failed to delete one or more files in run directory C:/Users/Louis Nguyen/Desktop/final project dsd/final project.runs/synth_1

launch_runs synth_1 -jobs 4
CRITICAL WARNING: [HDL 9-849] Syntax error : file ended before end of clause. [C:/Users/Louis Nguyen/Desktop/final project dsd/final project.srcs/sources_1/new/source.v:1]
[Tue Nov 30 19:10:07 2021] Launched synth_1...
Run output will be captured here: C:/Users/Louis Nguyen/Desktop/final project dsd/final project.runs/synth_1/runme.log
reset_run synth_1
WARNING: [Vivado 12-1017] Problems encountered:
1. Failed to delete one or more files in run directory C:/Users/Louis Nguyen/Desktop/final project dsd/final project.runs/synth_1

launch_runs synth_1 -jobs 4
CRITICAL WARNING: [HDL 9-849] Syntax error : file ended before end of clause. [C:/Users/Louis Nguyen/Desktop/final project dsd/final project.srcs/sources_1/new/source.v:1]
[Tue Nov 30 19:11:44 2021] Launched synth_1...
Run output will be captured here: C:/Users/Louis Nguyen/Desktop/final project dsd/final project.runs/synth_1/runme.log
reset_run synth_1
WARNING: [Vivado 12-1017] Problems encountered:
1. Failed to delete one or more files in run directory C:/Users/Louis Nguyen/Desktop/final project dsd/final project.runs/synth_1

launch_runs synth_1 -jobs 4
CRITICAL WARNING: [HDL 9-849] Syntax error : file ended before end of clause. [C:/Users/Louis Nguyen/Desktop/final project dsd/final project.srcs/sources_1/new/source.v:1]
[Tue Nov 30 19:12:49 2021] Launched synth_1...
Run output will be captured here: C:/Users/Louis Nguyen/Desktop/final project dsd/final project.runs/synth_1/runme.log
reset_run synth_1
WARNING: [Vivado 12-1017] Problems encountered:
1. Failed to delete one or more files in run directory C:/Users/Louis Nguyen/Desktop/final project dsd/final project.runs/synth_1

launch_runs synth_1 -jobs 4
CRITICAL WARNING: [HDL 9-849] Syntax error : file ended before end of clause. [C:/Users/Louis Nguyen/Desktop/final project dsd/final project.srcs/sources_1/new/source.v:1]
[Tue Nov 30 19:17:08 2021] Launched synth_1...
Run output will be captured here: C:/Users/Louis Nguyen/Desktop/final project dsd/final project.runs/synth_1/runme.log
reset_run synth_1
WARNING: [Vivado 12-1017] Problems encountered:
1. Failed to delete one or more files in run directory C:/Users/Louis Nguyen/Desktop/final project dsd/final project.runs/synth_1

launch_runs synth_1 -jobs 4
CRITICAL WARNING: [HDL 9-849] Syntax error : file ended before end of clause. [C:/Users/Louis Nguyen/Desktop/final project dsd/final project.srcs/sources_1/new/source.v:1]
[Tue Nov 30 19:17:48 2021] Launched synth_1...
Run output will be captured here: C:/Users/Louis Nguyen/Desktop/final project dsd/final project.runs/synth_1/runme.log
reset_run synth_1
WARNING: [Vivado 12-1017] Problems encountered:
1. Failed to delete one or more files in run directory C:/Users/Louis Nguyen/Desktop/final project dsd/final project.runs/synth_1

launch_runs synth_1 -jobs 4
CRITICAL WARNING: [HDL 9-806] Syntax error near "end". [C:/Users/Louis Nguyen/Desktop/final project dsd/final project.srcs/sources_1/new/source.v:86]
CRITICAL WARNING: [HDL 9-806] Syntax error near ":". [C:/Users/Louis Nguyen/Desktop/final project dsd/final project.srcs/sources_1/new/source.v:87]
CRITICAL WARNING: [HDL 9-806] Syntax error near ":". [C:/Users/Louis Nguyen/Desktop/final project dsd/final project.srcs/sources_1/new/source.v:99]
CRITICAL WARNING: [HDL 9-806] Syntax error near ":". [C:/Users/Louis Nguyen/Desktop/final project dsd/final project.srcs/sources_1/new/source.v:111]
CRITICAL WARNING: [HDL 9-806] Syntax error near ":". [C:/Users/Louis Nguyen/Desktop/final project dsd/final project.srcs/sources_1/new/source.v:123]
CRITICAL WARNING: [HDL 9-806] Syntax error near ":". [C:/Users/Louis Nguyen/Desktop/final project dsd/final project.srcs/sources_1/new/source.v:136]
CRITICAL WARNING: [HDL 9-806] Syntax error near ":". [C:/Users/Louis Nguyen/Desktop/final project dsd/final project.srcs/sources_1/new/source.v:148]
CRITICAL WARNING: [HDL 9-806] Syntax error near ":". [C:/Users/Louis Nguyen/Desktop/final project dsd/final project.srcs/sources_1/new/source.v:160]
CRITICAL WARNING: [HDL 9-806] Syntax error near ":". [C:/Users/Louis Nguyen/Desktop/final project dsd/final project.srcs/sources_1/new/source.v:172]
CRITICAL WARNING: [HDL 9-806] Syntax error near ":". [C:/Users/Louis Nguyen/Desktop/final project dsd/final project.srcs/sources_1/new/source.v:184]
CRITICAL WARNING: [HDL 9-806] Syntax error near ":". [C:/Users/Louis Nguyen/Desktop/final project dsd/final project.srcs/sources_1/new/source.v:212]
CRITICAL WARNING: [HDL 9-806] Syntax error near ":". [C:/Users/Louis Nguyen/Desktop/final project dsd/final project.srcs/sources_1/new/source.v:241]
CRITICAL WARNING: [HDL 9-806] Syntax error near ":". [C:/Users/Louis Nguyen/Desktop/final project dsd/final project.srcs/sources_1/new/source.v:248]
CRITICAL WARNING: [HDL 9-806] Syntax error near ":". [C:/Users/Louis Nguyen/Desktop/final project dsd/final project.srcs/sources_1/new/source.v:262]
CRITICAL WARNING: [HDL 9-806] Syntax error near ":". [C:/Users/Louis Nguyen/Desktop/final project dsd/final project.srcs/sources_1/new/source.v:272]
CRITICAL WARNING: [HDL 9-806] Syntax error near ":". [C:/Users/Louis Nguyen/Desktop/final project dsd/final project.srcs/sources_1/new/source.v:281]
CRITICAL WARNING: [HDL 9-806] Syntax error near ":". [C:/Users/Louis Nguyen/Desktop/final project dsd/final project.srcs/sources_1/new/source.v:290]
CRITICAL WARNING: [HDL 9-806] Syntax error near ":". [C:/Users/Louis Nguyen/Desktop/final project dsd/final project.srcs/sources_1/new/source.v:299]
CRITICAL WARNING: [HDL 9-806] Syntax error near ":". [C:/Users/Louis Nguyen/Desktop/final project dsd/final project.srcs/sources_1/new/source.v:308]
CRITICAL WARNING: [HDL 9-806] Syntax error near ":". [C:/Users/Louis Nguyen/Desktop/final project dsd/final project.srcs/sources_1/new/source.v:317]
CRITICAL WARNING: [HDL 9-806] Syntax error near ":". [C:/Users/Louis Nguyen/Desktop/final project dsd/final project.srcs/sources_1/new/source.v:325]
CRITICAL WARNING: [HDL 9-806] Syntax error near ":". [C:/Users/Louis Nguyen/Desktop/final project dsd/final project.srcs/sources_1/new/source.v:342]
CRITICAL WARNING: [HDL 9-806] Syntax error near ":". [C:/Users/Louis Nguyen/Desktop/final project dsd/final project.srcs/sources_1/new/source.v:358]
CRITICAL WARNING: [HDL 9-806] Syntax error near ":". [C:/Users/Louis Nguyen/Desktop/final project dsd/final project.srcs/sources_1/new/source.v:373]
CRITICAL WARNING: [HDL 9-806] Syntax error near ":". [C:/Users/Louis Nguyen/Desktop/final project dsd/final project.srcs/sources_1/new/source.v:388]
CRITICAL WARNING: [HDL 9-806] Syntax error near "default". [C:/Users/Louis Nguyen/Desktop/final project dsd/final project.srcs/sources_1/new/source.v:400]
CRITICAL WARNING: [HDL 9-806] Syntax error near "endcase". [C:/Users/Louis Nguyen/Desktop/final project dsd/final project.srcs/sources_1/new/source.v:403]
CRITICAL WARNING: [HDL 9-806] Syntax error near "}". [C:/Users/Louis Nguyen/Desktop/final project dsd/final project.srcs/sources_1/new/source.v:406]
CRITICAL WARNING: [HDL 9-806] Syntax error near ")". [C:/Users/Louis Nguyen/Desktop/final project dsd/final project.srcs/sources_1/new/source.v:410]
CRITICAL WARNING: [HDL 9-806] Syntax error near "}". [C:/Users/Louis Nguyen/Desktop/final project dsd/final project.srcs/sources_1/new/source.v:437]
CRITICAL WARNING: [HDL 9-806] Syntax error near ")". [C:/Users/Louis Nguyen/Desktop/final project dsd/final project.srcs/sources_1/new/source.v:446]
[Tue Nov 30 19:18:44 2021] Launched synth_1...
Run output will be captured here: C:/Users/Louis Nguyen/Desktop/final project dsd/final project.runs/synth_1/runme.log
reset_run synth_1
WARNING: [Vivado 12-1017] Problems encountered:
1. Failed to delete one or more files in run directory C:/Users/Louis Nguyen/Desktop/final project dsd/final project.runs/synth_1

launch_runs synth_1 -jobs 4
[Tue Nov 30 19:19:03 2021] Launched synth_1...
Run output will be captured here: C:/Users/Louis Nguyen/Desktop/final project dsd/final project.runs/synth_1/runme.log
reset_run synth_1
WARNING: [Vivado 12-1017] Problems encountered:
1. Failed to delete one or more files in run directory C:/Users/Louis Nguyen/Desktop/final project dsd/final project.runs/synth_1

launch_runs synth_1 -jobs 4
[Tue Nov 30 19:32:33 2021] Launched synth_1...
Run output will be captured here: C:/Users/Louis Nguyen/Desktop/final project dsd/final project.runs/synth_1/runme.log
reset_run synth_1
WARNING: [Vivado 12-1017] Problems encountered:
1. Failed to delete one or more files in run directory C:/Users/Louis Nguyen/Desktop/final project dsd/final project.runs/synth_1

launch_runs synth_1 -jobs 4
[Tue Nov 30 19:48:31 2021] Launched synth_1...
Run output will be captured here: C:/Users/Louis Nguyen/Desktop/final project dsd/final project.runs/synth_1/runme.log
launch_runs impl_1 -jobs 4
[Tue Nov 30 19:49:35 2021] Launched impl_1...
Run output will be captured here: C:/Users/Louis Nguyen/Desktop/final project dsd/final project.runs/impl_1/runme.log
reset_run synth_1
WARNING: [Vivado 12-1017] Problems encountered:
1. Failed to delete one or more files in run directory C:/Users/Louis Nguyen/Desktop/final project dsd/final project.runs/synth_1

launch_runs impl_1 -to_step write_bitstream -jobs 4
[Tue Nov 30 19:51:30 2021] Launched synth_1...
Run output will be captured here: C:/Users/Louis Nguyen/Desktop/final project dsd/final project.runs/synth_1/runme.log
[Tue Nov 30 19:51:30 2021] Launched impl_1...
Run output will be captured here: C:/Users/Louis Nguyen/Desktop/final project dsd/final project.runs/impl_1/runme.log
reset_run synth_1
WARNING: [Vivado 12-1017] Problems encountered:
1. Failed to delete one or more files in run directory C:/Users/Louis Nguyen/Desktop/final project dsd/final project.runs/synth_1

launch_runs synth_1 -jobs 4
[Tue Nov 30 20:41:20 2021] Launched synth_1...
Run output will be captured here: C:/Users/Louis Nguyen/Desktop/final project dsd/final project.runs/synth_1/runme.log
reset_run synth_1
WARNING: [Vivado 12-1017] Problems encountered:
1. Failed to delete one or more files in run directory C:/Users/Louis Nguyen/Desktop/final project dsd/final project.runs/synth_1

launch_runs synth_1 -jobs 4
[Tue Nov 30 20:43:03 2021] Launched synth_1...
Run output will be captured here: C:/Users/Louis Nguyen/Desktop/final project dsd/final project.runs/synth_1/runme.log
launch_runs impl_1 -jobs 4
[Tue Nov 30 20:44:02 2021] Launched impl_1...
Run output will be captured here: C:/Users/Louis Nguyen/Desktop/final project dsd/final project.runs/impl_1/runme.log
launch_runs impl_1 -to_step write_bitstream -jobs 4
[Tue Nov 30 20:45:52 2021] Launched impl_1...
Run output will be captured here: C:/Users/Louis Nguyen/Desktop/final project dsd/final project.runs/impl_1/runme.log
open_hw_manager
connect_hw_server -allow_non_jtag
INFO: [Labtools 27-2285] Connecting to hw_server url TCP:localhost:3121
INFO: [Labtools 27-2222] Launching hw_server...
INFO: [Labtools 27-2221] Launch Output:

****** Xilinx hw_server v2021.1
  **** Build date : Jun 10 2021 at 20:17:23
    ** Copyright 1986-2021 Xilinx, Inc. All Rights Reserved.


INFO: [Labtools 27-3415] Connecting to cs_server url TCP:localhost:3042
INFO: [Labtools 27-3417] Launching cs_server...
INFO: [Labtools 27-2221] Launch Output:


******** Xilinx cs_server v2021.1
  ****** Build date   : May 26 2021-12:32:33
    **** Build number : 2021.1.1622050353
      ** Copyright 2017-2021 Xilinx, Inc. All Rights Reserved.



connect_hw_server: Time (s): cpu = 00:00:01 ; elapsed = 00:00:11 . Memory (MB): peak = 1123.512 ; gain = 0.000
open_hw_target
INFO: [Labtoolstcl 44-466] Opening hw_target localhost:3121/xilinx_tcf/Digilent/210292B17DF5A
open_hw_target: Time (s): cpu = 00:00:11 ; elapsed = 00:00:12 . Memory (MB): peak = 2749.375 ; gain = 1625.863
set_property PROGRAM.FILE {C:/Users/Louis Nguyen/Desktop/final project dsd/final project.runs/impl_1/Top.bit} [get_hw_devices xc7a100t_0]
current_hw_device [get_hw_devices xc7a100t_0]
refresh_hw_device -update_hw_probes false [lindex [get_hw_devices xc7a100t_0] 0]
INFO: [Labtools 27-1434] Device xc7a100t (JTAG device index = 0) is programmed with a design that has no supported debug core(s) in it.
set_property PROBES.FILE {} [get_hw_devices xc7a100t_0]
set_property FULL_PROBES.FILE {} [get_hw_devices xc7a100t_0]
set_property PROGRAM.FILE {C:/Users/Louis Nguyen/Desktop/final project dsd/final project.runs/impl_1/Top.bit} [get_hw_devices xc7a100t_0]
program_hw_devices [get_hw_devices xc7a100t_0]
INFO: [Labtools 27-3164] End of startup status: HIGH
refresh_hw_device [lindex [get_hw_devices xc7a100t_0] 0]
INFO: [Labtools 27-1434] Device xc7a100t (JTAG device index = 0) is programmed with a design that has no supported debug core(s) in it.
exit
INFO: [Common 17-206] Exiting Vivado at Tue Nov 30 21:14:43 2021...
